mode: set
github.com/lorsanstand/Aether-go/internal/config/config.go:19.35,22.58 2 0
github.com/lorsanstand/Aether-go/internal/config/config.go:22.58,25.48 2 0
github.com/lorsanstand/Aether-go/internal/config/config.go:25.48,27.4 1 0
github.com/lorsanstand/Aether-go/internal/config/config.go:30.2,30.18 1 0
github.com/lorsanstand/Aether-go/internal/config/config.go:33.41,41.2 1 0
github.com/lorsanstand/Aether-go/internal/database/sqlc/gen/db.go:20.28,22.2 1 0
github.com/lorsanstand/Aether-go/internal/database/sqlc/gen/db.go:28.46,32.2 1 0
github.com/lorsanstand/Aether-go/internal/database/sqlc/gen/users.sql.go:16.76,35.2 4 0
github.com/lorsanstand/Aether-go/cmd/server/main.go:15.13,19.16 3 0
github.com/lorsanstand/Aether-go/cmd/server/main.go:19.16,21.3 1 0
github.com/lorsanstand/Aether-go/cmd/server/main.go:23.2,24.16 2 0
github.com/lorsanstand/Aether-go/cmd/server/main.go:24.16,26.3 1 0
github.com/lorsanstand/Aether-go/cmd/server/main.go:27.2,53.16 10 0
github.com/lorsanstand/Aether-go/cmd/server/main.go:53.16,55.3 1 0
github.com/lorsanstand/Aether-go/internal/handlers/middlewares/auth.go:20.73,21.71 1 0
github.com/lorsanstand/Aether-go/internal/handlers/middlewares/auth.go:21.71,24.10 2 0
github.com/lorsanstand/Aether-go/internal/handlers/middlewares/auth.go:24.10,27.4 2 0
github.com/lorsanstand/Aether-go/internal/handlers/middlewares/auth.go:29.3,31.23 2 0
github.com/lorsanstand/Aether-go/internal/handlers/middlewares/auth.go:35.92,38.69 2 0
github.com/lorsanstand/Aether-go/internal/handlers/middlewares/auth.go:38.69,41.3 2 0
github.com/lorsanstand/Aether-go/internal/handlers/middlewares/auth.go:43.2,45.72 2 0
github.com/lorsanstand/Aether-go/internal/handlers/middlewares/auth.go:45.72,46.58 1 0
github.com/lorsanstand/Aether-go/internal/handlers/middlewares/auth.go:46.58,48.4 1 0
github.com/lorsanstand/Aether-go/internal/handlers/middlewares/auth.go:50.3,50.29 1 0
github.com/lorsanstand/Aether-go/internal/handlers/middlewares/auth.go:53.2,53.32 1 0
github.com/lorsanstand/Aether-go/internal/handlers/middlewares/auth.go:53.32,56.3 2 0
github.com/lorsanstand/Aether-go/internal/handlers/middlewares/auth.go:58.2,59.9 2 0
github.com/lorsanstand/Aether-go/internal/handlers/middlewares/auth.go:59.9,62.3 2 0
github.com/lorsanstand/Aether-go/internal/handlers/middlewares/auth.go:64.2,65.9 2 0
github.com/lorsanstand/Aether-go/internal/handlers/middlewares/auth.go:65.9,68.3 2 0
github.com/lorsanstand/Aether-go/internal/handlers/middlewares/auth.go:69.2,70.16 2 0
github.com/lorsanstand/Aether-go/internal/handlers/middlewares/auth.go:70.16,73.3 2 0
github.com/lorsanstand/Aether-go/internal/handlers/middlewares/auth.go:75.2,75.17 1 0
github.com/lorsanstand/Aether-go/internal/handlers/middlewares/auth.go:78.57,81.2 2 0
github.com/lorsanstand/Aether-go/internal/handlers/middlewares/log.go:14.50,17.2 2 0
github.com/lorsanstand/Aether-go/internal/handlers/middlewares/log.go:19.52,20.71 1 0
github.com/lorsanstand/Aether-go/internal/handlers/middlewares/log.go:20.71,38.3 6 0
github.com/lorsanstand/Aether-go/internal/database/postgres.go:15.49,17.16 2 0
github.com/lorsanstand/Aether-go/internal/database/postgres.go:17.16,19.3 1 0
github.com/lorsanstand/Aether-go/internal/database/postgres.go:21.2,21.36 1 0
github.com/lorsanstand/Aether-go/internal/database/postgres.go:21.36,23.3 1 0
github.com/lorsanstand/Aether-go/internal/database/postgres.go:25.2,25.18 1 0
github.com/lorsanstand/Aether-go/internal/database/postgres.go:28.77,30.16 2 0
github.com/lorsanstand/Aether-go/internal/database/postgres.go:30.16,32.3 1 0
github.com/lorsanstand/Aether-go/internal/database/postgres.go:33.2,33.18 1 0
github.com/lorsanstand/Aether-go/internal/handlers/users/auth.go:16.73,17.54 1 0
github.com/lorsanstand/Aether-go/internal/handlers/users/auth.go:17.54,19.10 2 0
github.com/lorsanstand/Aether-go/internal/handlers/users/auth.go:19.10,22.4 2 0
github.com/lorsanstand/Aether-go/internal/handlers/users/auth.go:24.3,25.17 2 0
github.com/lorsanstand/Aether-go/internal/handlers/users/auth.go:25.17,26.37 1 0
github.com/lorsanstand/Aether-go/internal/handlers/users/auth.go:26.37,29.5 2 0
github.com/lorsanstand/Aether-go/internal/handlers/users/auth.go:32.3,36.13 3 0
github.com/lorsanstand/Aether-go/internal/handlers/users/auth.go:40.51,42.9 2 1
github.com/lorsanstand/Aether-go/internal/handlers/users/auth.go:42.9,44.3 1 1
github.com/lorsanstand/Aether-go/internal/handlers/users/auth.go:45.2,45.13 1 1
github.com/lorsanstand/Aether-go/internal/handlers/users/handlers.go:23.53,25.2 1 1
github.com/lorsanstand/Aether-go/internal/handlers/users/handlers.go:27.66,29.25 2 1
github.com/lorsanstand/Aether-go/internal/handlers/users/handlers.go:29.25,31.3 1 1
github.com/lorsanstand/Aether-go/internal/handlers/users/handlers.go:32.2,32.39 1 1
github.com/lorsanstand/Aether-go/internal/handlers/users/handlers.go:35.75,37.16 2 1
github.com/lorsanstand/Aether-go/internal/handlers/users/handlers.go:37.16,40.3 2 1
github.com/lorsanstand/Aether-go/internal/handlers/users/handlers.go:42.2,43.16 2 1
github.com/lorsanstand/Aether-go/internal/handlers/users/handlers.go:43.16,44.36 1 1
github.com/lorsanstand/Aether-go/internal/handlers/users/handlers.go:44.36,46.4 1 1
github.com/lorsanstand/Aether-go/internal/handlers/users/handlers.go:47.3,47.9 1 1
github.com/lorsanstand/Aether-go/internal/handlers/users/handlers.go:50.2,51.39 2 1
github.com/lorsanstand/Aether-go/internal/handlers/users/mapper.go:10.47,23.2 1 1
github.com/lorsanstand/Aether-go/internal/handlers/users/mapper.go:25.43,26.19 1 1
github.com/lorsanstand/Aether-go/internal/handlers/users/mapper.go:26.19,28.3 1 0
github.com/lorsanstand/Aether-go/internal/handlers/users/mapper.go:29.2,29.20 1 1
github.com/lorsanstand/Aether-go/internal/handlers/users/register_route.go:7.55,14.2 4 0
github.com/lorsanstand/Aether-go/pkg/respond/respond.go:11.75,14.17 3 1
github.com/lorsanstand/Aether-go/pkg/respond/respond.go:14.17,16.3 1 1
github.com/lorsanstand/Aether-go/internal/migrator/migrator.go:19.70,21.16 2 0
github.com/lorsanstand/Aether-go/internal/migrator/migrator.go:21.16,22.13 1 0
github.com/lorsanstand/Aether-go/internal/migrator/migrator.go:24.2,24.32 1 0
github.com/lorsanstand/Aether-go/internal/migrator/migrator.go:27.54,29.16 2 0
github.com/lorsanstand/Aether-go/internal/migrator/migrator.go:29.16,31.3 1 0
github.com/lorsanstand/Aether-go/internal/migrator/migrator.go:33.2,34.16 2 0
github.com/lorsanstand/Aether-go/internal/migrator/migrator.go:34.16,36.3 1 0
github.com/lorsanstand/Aether-go/internal/migrator/migrator.go:38.2,38.15 1 0
github.com/lorsanstand/Aether-go/internal/migrator/migrator.go:38.15,38.35 1 0
github.com/lorsanstand/Aether-go/internal/migrator/migrator.go:40.2,40.77 1 0
github.com/lorsanstand/Aether-go/internal/migrator/migrator.go:40.77,42.3 1 0
github.com/lorsanstand/Aether-go/internal/migrator/migrator.go:44.2,44.12 1 0
